com.ieeton.agency/proguard/seeds.txt
com.ieeton.agency.DemoApplication
com.ieeton.agency.DemoApplication: DemoApplication()
com.ieeton.agency.DemoApplication: void logout()
com.ieeton.agency.R$anim
com.ieeton.agency.R$anim: int fade_in
com.ieeton.agency.R$anim: int fade_out
com.ieeton.agency.R$anim: int head_in
com.ieeton.agency.R$anim: int head_out
com.ieeton.agency.R$anim: int hold
com.ieeton.agency.R$anim: int push_bottom_in
com.ieeton.agency.R$anim: int push_bottom_out
com.ieeton.agency.R$anim: int push_top_in
com.ieeton.agency.R$anim: int push_top_in2
com.ieeton.agency.R$anim: int push_top_out
com.ieeton.agency.R$anim: int push_top_out2
com.ieeton.agency.R$anim: int rotate_down
com.ieeton.agency.R$anim: int rotate_up
com.ieeton.agency.R$anim: int shake_umeng_socialize_cycle_5
com.ieeton.agency.R$anim: int shake_umeng_socialize_dlg_alpha
com.ieeton.agency.R$anim: int shake_umeng_socialize_dlg_scale
com.ieeton.agency.R$anim: int shake_umeng_socialize_edit_anim
com.ieeton.agency.R$anim: int shake_umeng_socialize_imageview_rotate
com.ieeton.agency.R$anim: int shake_umeng_socialize_scrshot_dlg
com.ieeton.agency.R$anim: int slide_in_from_left
com.ieeton.agency.R$anim: int slide_in_from_right
com.ieeton.agency.R$anim: int slide_out_to_left
com.ieeton.agency.R$anim: int slide_out_to_right
com.ieeton.agency.R$anim: int umeng_socialize_fade_in
com.ieeton.agency.R$anim: int umeng_socialize_fade_out
com.ieeton.agency.R$anim: int umeng_socialize_shareboard_animation_in
com.ieeton.agency.R$anim: int umeng_socialize_shareboard_animation_out
com.ieeton.agency.R$anim: int umeng_socialize_slide_in_from_bottom
com.ieeton.agency.R$array
com.ieeton.agency.R$array: int error_code
com.ieeton.agency.R$array: int error_message
com.ieeton.agency.R$array: int reward_list_item
com.ieeton.agency.R$attr
com.ieeton.agency.R$attr: int swipeActionLeft
com.ieeton.agency.R$attr: int swipeActionRight
com.ieeton.agency.R$attr: int swipeAnimationTime
com.ieeton.agency.R$attr: int swipeBackView
com.ieeton.agency.R$attr: int swipeCloseAllItemsWhenMoveList
com.ieeton.agency.R$attr: int swipeDrawableChecked
com.ieeton.agency.R$attr: int swipeDrawableUnchecked
com.ieeton.agency.R$attr: int swipeFrontView
com.ieeton.agency.R$attr: int swipeMode
com.ieeton.agency.R$attr: int swipeOffsetLeft
com.ieeton.agency.R$attr: int swipeOffsetRight
com.ieeton.agency.R$attr: int swipeOpenOnLongPress
com.ieeton.agency.R$color
com.ieeton.agency.R$color: int black_deep
com.ieeton.agency.R$color: int bottom_bar_normal_bg
com.ieeton.agency.R$color: int bottom_text_color_normal
com.ieeton.agency.R$color: int browser_loadingbar_progress
com.ieeton.agency.R$color: int btn_blue_normal
com.ieeton.agency.R$color: int btn_blue_pressed
com.ieeton.agency.R$color: int btn_gray_normal
com.ieeton.agency.R$color: int btn_gray_pressed
com.ieeton.agency.R$color: int btn_gray_pressed_status
com.ieeton.agency.R$color: int btn_green_noraml
com.ieeton.agency.R$color: int btn_green_pressed
com.ieeton.agency.R$color: int btn_login_normal
com.ieeton.agency.R$color: int btn_login_pressed
com.ieeton.agency.R$color: int btn_logout_normal
com.ieeton.agency.R$color: int btn_logout_pressed
com.ieeton.agency.R$color: int btn_pressed_green_solid
com.ieeton.agency.R$color: int btn_register_normal
com.ieeton.agency.R$color: int btn_register_pressed
com.ieeton.agency.R$color: int btn_white_normal
com.ieeton.agency.R$color: int btn_white_pressed
com.ieeton.agency.R$color: int card_title_text_color
com.ieeton.agency.R$color: int color_black
com.ieeton.agency.R$color: int color_gray
com.ieeton.agency.R$color: int color_title
com.ieeton.agency.R$color: int color_white
com.ieeton.agency.R$color: int common_bg
com.ieeton.agency.R$color: int common_bottom_bar_normal_bg
com.ieeton.agency.R$color: int common_bottom_bar_selected_bg
com.ieeton.agency.R$color: int common_botton_bar_blue
...
com.tencent.weibo.sdk.android.network.HttpConfig
com.tencent.weibo.sdk.android.network.HttpConfig: java.lang.String CRM_SERVER_NAME
com.tencent.weibo.sdk.android.network.HttpConfig: int CRM_SERVER_PORT
com.tencent.weibo.sdk.android.network.HttpConfig: HttpConfig()
com.tencent.weibo.sdk.android.network.HttpReq
com.tencent.weibo.sdk.android.network.HttpReq: java.lang.String GET
com.tencent.weibo.sdk.android.network.HttpReq: java.lang.String POST
com.tencent.weibo.sdk.android.network.HttpReq: java.lang.String mHost
com.tencent.weibo.sdk.android.network.HttpReq: int mPort
com.tencent.weibo.sdk.android.network.HttpReq: java.lang.String mUrl
com.tencent.weibo.sdk.android.network.HttpReq: java.lang.String mMethod
com.tencent.weibo.sdk.android.network.HttpReq: com.tencent.weibo.sdk.android.network.ReqParam mParam
com.tencent.weibo.sdk.android.network.HttpReq: com.tencent.weibo.sdk.android.network.HttpCallback mCallBack
com.tencent.weibo.sdk.android.network.HttpReq: int mServiceTag
com.tencent.weibo.sdk.android.network.HttpReq: HttpReq()
com.tencent.weibo.sdk.android.network.HttpReq: void setServiceTag(int)
com.tencent.weibo.sdk.android.network.HttpReq: int getServiceTag()
com.tencent.weibo.sdk.android.network.HttpReq: com.tencent.weibo.sdk.android.network.HttpCallback getCallBack()
com.tencent.weibo.sdk.android.network.HttpReq: void setReq(org.apache.commons.httpclient.HttpMethod)
com.tencent.weibo.sdk.android.network.HttpReq: java.lang.Object processResponse(java.io.InputStream)
com.tencent.weibo.sdk.android.network.HttpReq: void setParam(com.tencent.weibo.sdk.android.network.ReqParam)
com.tencent.weibo.sdk.android.network.HttpReq: void addParam(java.lang.String,java.lang.String)
com.tencent.weibo.sdk.android.network.HttpReq$UTF8PostMethod
com.tencent.weibo.sdk.android.network.HttpReq$UTF8PostMethod: HttpReq$UTF8PostMethod(java.lang.String)
com.tencent.weibo.sdk.android.network.HttpReq$UTF8PostMethod: java.lang.String getRequestCharSet()
com.tencent.weibo.sdk.android.network.HttpReqWeiBo
com.tencent.weibo.sdk.android.network.HttpReqWeiBo: java.lang.Class mTargetClass
com.tencent.weibo.sdk.android.network.HttpReqWeiBo: java.lang.Class mTargetClass2
com.tencent.weibo.sdk.android.network.HttpReqWeiBo: java.lang.Integer mResultType
com.tencent.weibo.sdk.android.network.HttpReqWeiBo: android.content.Context mContext
com.tencent.weibo.sdk.android.network.HttpReqWeiBo: HttpReqWeiBo(android.content.Context,java.lang.String,com.tencent.weibo.sdk.android.network.HttpCallback,java.lang.Class,java.lang.String,java.lang.Integer)
com.tencent.weibo.sdk.android.network.HttpReqWeiBo: void setmTargetClass(java.lang.Class)
com.tencent.weibo.sdk.android.network.HttpReqWeiBo: void setmTargetClass2(java.lang.Class)
com.tencent.weibo.sdk.android.network.HttpReqWeiBo: void setmResultType(java.lang.Integer)
com.tencent.weibo.sdk.android.network.HttpReqWeiBo: java.lang.Object processResponse(java.io.InputStream)
com.tencent.weibo.sdk.android.network.HttpReqWeiBo: void setReq(org.apache.commons.httpclient.HttpMethod)
com.tencent.weibo.sdk.android.network.HttpReqWeiBo: void setReq(java.lang.String)