com.ieeton.agency/proguard/mapping.txt
com.ieeton.agency.BuildConfig -> com.ieeton.agency.a:
    boolean DEBUG -> a
com.ieeton.agency.Constant -> com.ieeton.agency.b:
    java.lang.String NEW_FRIENDS_USERNAME -> a
    java.lang.String GROUP_USERNAME -> b
    java.lang.String MESSAGE_ATTR_IS_VOICE_CALL -> c
com.ieeton.agency.DemoApplication -> com.ieeton.agency.DemoApplication:
    java.lang.String mLoginType -> a
    android.content.Context applicationContext -> b
    com.ieeton.agency.DemoApplication instance -> g
    java.lang.String PREF_USERNAME -> c
    java.lang.String userName -> h
    java.lang.String PREF_PWD -> i
    java.lang.String password -> j
    java.util.Map contactList -> k
    java.lang.String currentUserNick -> d
    com.ieeton.agency.location.IeetonLocation mIeetonLocation -> e
    com.ieeton.agency.models.ServerHostData mServerHostData -> f
    com.ieeton.agency.location.IeetonLocationListener mIeetonLocationListener -> l
    159:269:void onCreate() -> onCreate
    272:272:com.ieeton.agency.DemoApplication getInstance() -> a
    284:289:java.util.Map getContactList() -> b
    298:299:void setContactList(java.util.Map) -> a
    303:303:void setStrangerList(java.util.Map) -> b
    311:315:java.lang.String getUserName() -> c
    324:328:java.lang.String getPassword() -> d
    337:344:void setUserName(java.lang.String) -> a
    353:358:void setPassword(java.lang.String) -> b
    365:374:void logout() -> logout
    377:397:java.lang.String getAppName(int) -> a
com.ieeton.agency.DemoApplication$1 -> com.ieeton.agency.c:
    com.ieeton.agency.DemoApplication this$0 -> a
    80:80:void onLocationStart() -> a
    84:93:void onLocationFinish(com.ieeton.agency.location.IeetonLocation) -> a
com.ieeton.agency.DemoApplication$2 -> com.ieeton.agency.d:
    com.ieeton.agency.DemoApplication this$0 -> a
    223:224:android.content.Intent onNotificationClick(com.easemob.chat.EMMessage) -> onNotificationClick
com.ieeton.agency.DemoApplication$3 -> com.ieeton.agency.e:
    com.ieeton.agency.DemoApplication this$0 -> a
    235:244:java.lang.String onNewMessageNotify(com.easemob.chat.EMMessage) -> onNewMessageNotify
    250:252:java.lang.String onLatestMessageNotify(com.easemob.chat.EMMessage,int,int) -> onLatestMessageNotify
    258:258:java.lang.String onSetNotificationTitle(com.easemob.chat.EMMessage) -> onSetNotificationTitle
com.ieeton.agency.DemoApplication$GetDomainUrlsTask -> com.ieeton.agency.DemoApplication$a:
    java.lang.Throwable mThr -> b
    com.ieeton.agency.DemoApplication this$0 -> a
    101:102:void onPreExecute() -> onPreExecute
    106:138:com.ieeton.agency.models.ServerHostData doInBackground(java.lang.Void[]) -> a
    144:145:void onCancelled() -> onCancelled
    149:154:void onPostExecute(com.ieeton.agency.models.ServerHostData) -> a
    1:1:void onPostExecute(java.lang.Object) -> onPostExecute
    1:1:java.lang.Object doInBackground(java.lang.Object[]) -> doInBackground
com.ieeton.agency.DemoApplication$MyConnectionListener -> com.ieeton.agency.DemoApplication$b:
    com.ieeton.agency.DemoApplication this$0 -> a
    403:403:void onReConnecting() -> onReConnecting
    407:407:void onReConnected() -> onReConnected
    411:418:void onDisConnected(java.lang.String) -> onDisConnected
    423:423:void onConnecting(java.lang.String) -> onConnecting
    427:427:void onConnected() -> onConnected
com.ieeton.agency.R -> com.ieeton.agency.R:
...
com.umeng.socialize.bean.am -> com.umeng.socialize.bean.o:
    28:28:java.lang.String toString() -> toString
com.umeng.socialize.bean.an -> com.umeng.socialize.bean.p:
    132:132:com.umeng.socialize.bean.UMComment a(android.os.Parcel) -> a
    137:137:com.umeng.socialize.bean.UMComment[] a(int) -> a
    1:1:java.lang.Object createFromParcel(android.os.Parcel) -> createFromParcel
    1:1:java.lang.Object[] newArray(int) -> newArray
com.umeng.socialize.bean.ao -> com.umeng.socialize.bean.q:
    62:62:com.umeng.socialize.bean.UMLocation a(android.os.Parcel) -> a
    67:67:com.umeng.socialize.bean.UMLocation[] a(int) -> a
    1:1:java.lang.Object createFromParcel(android.os.Parcel) -> createFromParcel
    1:1:java.lang.Object[] newArray(int) -> newArray
com.umeng.socialize.bean.ap -> com.umeng.socialize.bean.r:
    41:41:com.umeng.socialize.bean.UMShareMsg a(android.os.Parcel) -> a
    46:46:com.umeng.socialize.bean.UMShareMsg[] a(int) -> a
    1:1:java.lang.Object createFromParcel(android.os.Parcel) -> createFromParcel
    1:1:java.lang.Object[] newArray(int) -> newArray
com.umeng.socialize.bean.b -> com.umeng.socialize.bean.s:
    17:17:java.lang.String toString() -> toString
com.umeng.socialize.bean.c -> com.umeng.socialize.bean.t:
    22:22:java.lang.String toString() -> toString
com.umeng.socialize.bean.d -> com.umeng.socialize.bean.d:
    29:39:void a() -> a
com.umeng.socialize.bean.e -> com.umeng.socialize.bean.u:
    com.umeng.socialize.bean.d a -> a
    35:37:void onClick(android.content.Context,com.umeng.socialize.bean.SocializeEntity,com.umeng.socialize.controller.listener.SocializeListeners$SnsPostListener) -> onClick
com.umeng.socialize.bean.f -> com.umeng.socialize.bean.v:
    17:17:java.lang.String toString() -> toString
com.umeng.socialize.bean.g -> com.umeng.socialize.bean.w:
    22:22:java.lang.String toString() -> toString
com.umeng.socialize.bean.h -> com.umeng.socialize.bean.x:
    15:15:java.lang.String toString() -> toString
com.umeng.socialize.bean.i -> com.umeng.socialize.bean.y:
    26:26:java.lang.String toString() -> toString
com.umeng.socialize.bean.j -> com.umeng.socialize.bean.z:
    36:36:java.lang.String toString() -> toString
com.umeng.socialize.bean.k -> com.umeng.socialize.bean.aa:
    32:32:int getReqCode() -> getReqCode
com.umeng.socialize.bean.l -> com.umeng.socialize.bean.ab:
    169:169:boolean isCustomPlatform() -> isCustomPlatform
    174:174:boolean isSupportAuthorization() -> isSupportAuthorization
com.umeng.socialize.bean.m -> com.umeng.socialize.bean.ac:
    183:183:int getReqCode() -> getReqCode
    188:188:boolean isSupportAuthorization() -> isSupportAuthorization
com.umeng.socialize.bean.n -> com.umeng.socialize.bean.ad:
    202:202:int getReqCode() -> getReqCode
com.umeng.socialize.bean.o -> com.umeng.socialize.bean.ae:
    211:211:int getReqCode() -> getReqCode
com.umeng.socialize.bean.p -> com.umeng.socialize.bean.af:
    221:221:int getReqCode() -> getReqCode
com.umeng.socialize.bean.q -> com.umeng.socialize.bean.ag:
    231:231:int getReqCode() -> getReqCode
com.umeng.socialize.bean.r -> com.umeng.socialize.bean.ah:
    240:240:int getReqCode() -> getReqCode
com.umeng.socialize.bean.s -> com.umeng.socialize.bean.ai:
    249:249:int getReqCode() -> getReqCode
com.umeng.socialize.bean.t -> com.umeng.socialize.bean.aj:
    258:258:int getReqCode() -> getReqCode
com.umeng.socialize.bean.u -> com.umeng.socialize.bean.ak:
    267:267:int getReqCode() -> getReqCode
com.umeng.socialize.bean.v -> com.umeng.socialize.bean.al:
    41:41:int getReqCode() -> getReqCode
com.umeng.socialize.bean.w -> com.umeng.socialize.bean.am:
    276:276:int getReqCode() -> getReqCode
com.umeng.socialize.bean.x -> com.umeng.socialize.bean.an:
    285:285:int getReqCode() -> getReqCode
com.umeng.socialize.bean.y -> com.umeng.socialize.bean.ao:
    294:294:int getReqCode() -> getReqCode
com.umeng.socialize.bean.z -> com.umeng.socialize.bean.ap:
    303:303:int getReqCode() -> getReqCode